<?xml version="1.0" encoding="UTF-8"?>
<testsuite xmlns:xsi="http://www.w3.org/2001/XMLSchema-instance" xsi:noNamespaceSchemaLocation="https://maven.apache.org/surefire/maven-surefire-plugin/xsd/surefire-test-report-3.0.xsd" version="3.0" name="Client Test" time="1.024" tests="9" errors="0" skipped="0" failures="0">
  <properties>
    <property name="java.specification.version" value="13"/>
    <property name="sun.cpu.isalist" value="amd64"/>
    <property name="sun.jnu.encoding" value="Cp1252"/>
    <property name="java.class.path" value="C:\Users\CARLA LLENAS\OneDrive\Documentos\NetBeansProjects\LudoxCliente\target\test-classes;C:\Users\CARLA LLENAS\OneDrive\Documentos\NetBeansProjects\LudoxCliente\target\classes;C:\Users\CARLA LLENAS\.m2\repository\org\eclipse\persistence\eclipselink\4.0.0\eclipselink-4.0.0.jar;C:\Users\CARLA LLENAS\.m2\repository\jakarta\persistence\jakarta.persistence-api\3.1.0\jakarta.persistence-api-3.1.0.jar;C:\Users\CARLA LLENAS\.m2\repository\jakarta\xml\bind\jakarta.xml.bind-api\4.0.0\jakarta.xml.bind-api-4.0.0.jar;C:\Users\CARLA LLENAS\.m2\repository\com\sun\xml\bind\jaxb-xjc\4.0.0\jaxb-xjc-4.0.0.jar;C:\Users\CARLA LLENAS\.m2\repository\com\sun\xml\bind\jaxb-core\4.0.0\jaxb-core-4.0.0.jar;C:\Users\CARLA LLENAS\.m2\repository\org\postgresql\postgresql\42.5.0\postgresql-42.5.0.jar;C:\Users\CARLA LLENAS\.m2\repository\org\checkerframework\checker-qual\3.5.0\checker-qual-3.5.0.jar;C:\Users\CARLA LLENAS\.m2\repository\org\eclipse\persistence\org.eclipse.persistence.asm\9.4.0\org.eclipse.persistence.asm-9.4.0.jar;C:\Users\CARLA LLENAS\.m2\repository\org\eclipse\persistence\org.eclipse.persistence.core\4.0.0\org.eclipse.persistence.core-4.0.0.jar;C:\Users\CARLA LLENAS\.m2\repository\org\eclipse\persistence\org.eclipse.persistence.corba\4.0.0\org.eclipse.persistence.corba-4.0.0.jar;C:\Users\CARLA LLENAS\.m2\repository\org\glassfish\corba\glassfish-corba-omgapi\4.2.4\glassfish-corba-omgapi-4.2.4.jar;C:\Users\CARLA LLENAS\.m2\repository\org\eclipse\persistence\org.eclipse.persistence.oracle\4.0.0\org.eclipse.persistence.oracle-4.0.0.jar;C:\Users\CARLA LLENAS\.m2\repository\org\eclipse\persistence\org.eclipse.persistence.json\4.0.0\org.eclipse.persistence.json-4.0.0.jar;C:\Users\CARLA LLENAS\.m2\repository\jakarta\json\jakarta.json-api\2.1.1\jakarta.json-api-2.1.1.jar;C:\Users\CARLA LLENAS\.m2\repository\org\eclipse\persistence\org.eclipse.persistence.jpa\4.0.0\org.eclipse.persistence.jpa-4.0.0.jar;C:\Users\CARLA LLENAS\.m2\repository\org\eclipse\persistence\org.eclipse.persistence.jpa.jpql\4.0.0\org.eclipse.persistence.jpa.jpql-4.0.0.jar;C:\Users\CARLA LLENAS\.m2\repository\org\eclipse\persistence\org.eclipse.persistence.moxy\4.0.0\org.eclipse.persistence.moxy-4.0.0.jar;C:\Users\CARLA LLENAS\.m2\repository\org\eclipse\angus\angus-activation\1.0.0\angus-activation-1.0.0.jar;C:\Users\CARLA LLENAS\.m2\repository\org\eclipse\angus\angus-mail\1.0.0\angus-mail-1.0.0.jar;C:\Users\CARLA LLENAS\.m2\repository\jakarta\mail\jakarta.mail-api\2.1.0\jakarta.mail-api-2.1.0.jar;C:\Users\CARLA LLENAS\.m2\repository\org\eclipse\persistence\org.eclipse.persistence.moxy.utils.xjc\4.0.0\org.eclipse.persistence.moxy.utils.xjc-4.0.0.jar;C:\Users\CARLA LLENAS\.m2\repository\jakarta\activation\jakarta.activation-api\2.1.0\jakarta.activation-api-2.1.0.jar;C:\Users\CARLA LLENAS\.m2\repository\org\eclipse\persistence\org.eclipse.persistence.sdo\4.0.0\org.eclipse.persistence.sdo-4.0.0.jar;C:\Users\CARLA LLENAS\.m2\repository\org\eclipse\persistence\org.eclipse.persistence.dbws\4.0.0\org.eclipse.persistence.dbws-4.0.0.jar;C:\Users\CARLA LLENAS\.m2\repository\org\eclipse\persistence\org.eclipse.persistence.dbws.builder\4.0.0\org.eclipse.persistence.dbws.builder-4.0.0.jar;C:\Users\CARLA LLENAS\.m2\repository\wsdl4j\wsdl4j\1.6.3\wsdl4j-1.6.3.jar;C:\Users\CARLA LLENAS\.m2\repository\org\eclipse\persistence\org.eclipse.persistence.extension\4.0.0\org.eclipse.persistence.extension-4.0.0.jar;C:\Users\CARLA LLENAS\.m2\repository\org\eclipse\persistence\org.eclipse.persistence.jpa.modelgen.processor\4.0.0\org.eclipse.persistence.jpa.modelgen.processor-4.0.0.jar;C:\Users\CARLA LLENAS\.m2\repository\jakarta\annotation\jakarta.annotation-api\2.1.1\jakarta.annotation-api-2.1.1.jar;C:\Users\CARLA LLENAS\.m2\repository\org\eclipse\persistence\org.eclipse.persistence.jpars\4.0.0\org.eclipse.persistence.jpars-4.0.0.jar;C:\Users\CARLA LLENAS\.m2\repository\jakarta\ws\rs\jakarta.ws.rs-api\3.1.0\jakarta.ws.rs-api-3.1.0.jar;C:\Users\CARLA LLENAS\.m2\repository\org\eclipse\persistence\org.eclipse.persistence.jpars.server\4.0.0\org.eclipse.persistence.jpars.server-4.0.0.jar;C:\Users\CARLA LLENAS\.m2\repository\org\eclipse\persistence\org.eclipse.persistence.oracleddlparser\3.0.0\org.eclipse.persistence.oracleddlparser-3.0.0.jar;C:\Users\CARLA LLENAS\.m2\repository\org\eclipse\persistence\org.eclipse.persistence.utils.rename\4.0.0\org.eclipse.persistence.utils.rename-4.0.0.jar;C:\Users\CARLA LLENAS\.m2\repository\org\eclipse\persistence\org.eclipse.persistence.nosql\4.0.0\org.eclipse.persistence.nosql-4.0.0.jar;C:\Users\CARLA LLENAS\.m2\repository\jakarta\resource\jakarta.resource-api\2.1.0\jakarta.resource-api-2.1.0.jar;C:\Users\CARLA LLENAS\.m2\repository\jakarta\transaction\jakarta.transaction-api\2.0.1\jakarta.transaction-api-2.0.1.jar;C:\Users\CARLA LLENAS\.m2\repository\org\eclipse\persistence\org.eclipse.persistence.oracle.nosql\4.0.0\org.eclipse.persistence.oracle.nosql-4.0.0.jar;C:\Users\CARLA LLENAS\.m2\repository\org\junit\jupiter\junit-jupiter-engine\5.9.0\junit-jupiter-engine-5.9.0.jar;C:\Users\CARLA LLENAS\.m2\repository\org\apiguardian\apiguardian-api\1.1.2\apiguardian-api-1.1.2.jar;C:\Users\CARLA LLENAS\.m2\repository\org\junit\jupiter\junit-jupiter-api\5.9.0\junit-jupiter-api-5.9.0.jar;C:\Users\CARLA LLENAS\.m2\repository\org\opentest4j\opentest4j\1.2.0\opentest4j-1.2.0.jar;C:\Users\CARLA LLENAS\.m2\repository\org\junit\platform\junit-platform-commons\1.9.0\junit-platform-commons-1.9.0.jar;C:\Users\CARLA LLENAS\.m2\repository\org\junit\platform\junit-platform-engine\1.9.0\junit-platform-engine-1.9.0.jar;C:\Users\CARLA LLENAS\.m2\repository\org\mockito\mockito-core\4.8.1\mockito-core-4.8.1.jar;C:\Users\CARLA LLENAS\.m2\repository\net\bytebuddy\byte-buddy\1.12.16\byte-buddy-1.12.16.jar;C:\Users\CARLA LLENAS\.m2\repository\net\bytebuddy\byte-buddy-agent\1.12.16\byte-buddy-agent-1.12.16.jar;C:\Users\CARLA LLENAS\.m2\repository\org\objenesis\objenesis\3.2\objenesis-3.2.jar;"/>
    <property name="java.vm.vendor" value="Oracle Corporation"/>
    <property name="sun.arch.data.model" value="64"/>
    <property name="user.variant" value=""/>
    <property name="java.vendor.url" value="https://java.oracle.com/"/>
    <property name="user.timezone" value="Europe/Madrid"/>
    <property name="os.name" value="Windows 10"/>
    <property name="java.vm.specification.version" value="13"/>
    <property name="user.country" value="ES"/>
    <property name="sun.java.launcher" value="SUN_STANDARD"/>
    <property name="sun.boot.library.path" value="C:\Program Files\Java\jdk-13.0.2\bin"/>
    <property name="sun.java.command" value="C:\Users\CARLA LLENAS\AppData\Local\Temp\surefire14051963795580015539\surefirebooter7623138717397138272.jar C:\Users\CARLA LLENAS\AppData\Local\Temp\surefire14051963795580015539 2022-11-19T18-14-05_854-jvmRun1 surefire16502552490688009011tmp surefire_011561805585851202888tmp"/>
    <property name="jdk.debug" value="release"/>
    <property name="surefire.test.class.path" value="C:\Users\CARLA LLENAS\OneDrive\Documentos\NetBeansProjects\LudoxCliente\target\test-classes;C:\Users\CARLA LLENAS\OneDrive\Documentos\NetBeansProjects\LudoxCliente\target\classes;C:\Users\CARLA LLENAS\.m2\repository\org\eclipse\persistence\eclipselink\4.0.0\eclipselink-4.0.0.jar;C:\Users\CARLA LLENAS\.m2\repository\jakarta\persistence\jakarta.persistence-api\3.1.0\jakarta.persistence-api-3.1.0.jar;C:\Users\CARLA LLENAS\.m2\repository\jakarta\xml\bind\jakarta.xml.bind-api\4.0.0\jakarta.xml.bind-api-4.0.0.jar;C:\Users\CARLA LLENAS\.m2\repository\com\sun\xml\bind\jaxb-xjc\4.0.0\jaxb-xjc-4.0.0.jar;C:\Users\CARLA LLENAS\.m2\repository\com\sun\xml\bind\jaxb-core\4.0.0\jaxb-core-4.0.0.jar;C:\Users\CARLA LLENAS\.m2\repository\org\postgresql\postgresql\42.5.0\postgresql-42.5.0.jar;C:\Users\CARLA LLENAS\.m2\repository\org\checkerframework\checker-qual\3.5.0\checker-qual-3.5.0.jar;C:\Users\CARLA LLENAS\.m2\repository\org\eclipse\persistence\org.eclipse.persistence.asm\9.4.0\org.eclipse.persistence.asm-9.4.0.jar;C:\Users\CARLA LLENAS\.m2\repository\org\eclipse\persistence\org.eclipse.persistence.core\4.0.0\org.eclipse.persistence.core-4.0.0.jar;C:\Users\CARLA LLENAS\.m2\repository\org\eclipse\persistence\org.eclipse.persistence.corba\4.0.0\org.eclipse.persistence.corba-4.0.0.jar;C:\Users\CARLA LLENAS\.m2\repository\org\glassfish\corba\glassfish-corba-omgapi\4.2.4\glassfish-corba-omgapi-4.2.4.jar;C:\Users\CARLA LLENAS\.m2\repository\org\eclipse\persistence\org.eclipse.persistence.oracle\4.0.0\org.eclipse.persistence.oracle-4.0.0.jar;C:\Users\CARLA LLENAS\.m2\repository\org\eclipse\persistence\org.eclipse.persistence.json\4.0.0\org.eclipse.persistence.json-4.0.0.jar;C:\Users\CARLA LLENAS\.m2\repository\jakarta\json\jakarta.json-api\2.1.1\jakarta.json-api-2.1.1.jar;C:\Users\CARLA LLENAS\.m2\repository\org\eclipse\persistence\org.eclipse.persistence.jpa\4.0.0\org.eclipse.persistence.jpa-4.0.0.jar;C:\Users\CARLA LLENAS\.m2\repository\org\eclipse\persistence\org.eclipse.persistence.jpa.jpql\4.0.0\org.eclipse.persistence.jpa.jpql-4.0.0.jar;C:\Users\CARLA LLENAS\.m2\repository\org\eclipse\persistence\org.eclipse.persistence.moxy\4.0.0\org.eclipse.persistence.moxy-4.0.0.jar;C:\Users\CARLA LLENAS\.m2\repository\org\eclipse\angus\angus-activation\1.0.0\angus-activation-1.0.0.jar;C:\Users\CARLA LLENAS\.m2\repository\org\eclipse\angus\angus-mail\1.0.0\angus-mail-1.0.0.jar;C:\Users\CARLA LLENAS\.m2\repository\jakarta\mail\jakarta.mail-api\2.1.0\jakarta.mail-api-2.1.0.jar;C:\Users\CARLA LLENAS\.m2\repository\org\eclipse\persistence\org.eclipse.persistence.moxy.utils.xjc\4.0.0\org.eclipse.persistence.moxy.utils.xjc-4.0.0.jar;C:\Users\CARLA LLENAS\.m2\repository\jakarta\activation\jakarta.activation-api\2.1.0\jakarta.activation-api-2.1.0.jar;C:\Users\CARLA LLENAS\.m2\repository\org\eclipse\persistence\org.eclipse.persistence.sdo\4.0.0\org.eclipse.persistence.sdo-4.0.0.jar;C:\Users\CARLA LLENAS\.m2\repository\org\eclipse\persistence\org.eclipse.persistence.dbws\4.0.0\org.eclipse.persistence.dbws-4.0.0.jar;C:\Users\CARLA LLENAS\.m2\repository\org\eclipse\persistence\org.eclipse.persistence.dbws.builder\4.0.0\org.eclipse.persistence.dbws.builder-4.0.0.jar;C:\Users\CARLA LLENAS\.m2\repository\wsdl4j\wsdl4j\1.6.3\wsdl4j-1.6.3.jar;C:\Users\CARLA LLENAS\.m2\repository\org\eclipse\persistence\org.eclipse.persistence.extension\4.0.0\org.eclipse.persistence.extension-4.0.0.jar;C:\Users\CARLA LLENAS\.m2\repository\org\eclipse\persistence\org.eclipse.persistence.jpa.modelgen.processor\4.0.0\org.eclipse.persistence.jpa.modelgen.processor-4.0.0.jar;C:\Users\CARLA LLENAS\.m2\repository\jakarta\annotation\jakarta.annotation-api\2.1.1\jakarta.annotation-api-2.1.1.jar;C:\Users\CARLA LLENAS\.m2\repository\org\eclipse\persistence\org.eclipse.persistence.jpars\4.0.0\org.eclipse.persistence.jpars-4.0.0.jar;C:\Users\CARLA LLENAS\.m2\repository\jakarta\ws\rs\jakarta.ws.rs-api\3.1.0\jakarta.ws.rs-api-3.1.0.jar;C:\Users\CARLA LLENAS\.m2\repository\org\eclipse\persistence\org.eclipse.persistence.jpars.server\4.0.0\org.eclipse.persistence.jpars.server-4.0.0.jar;C:\Users\CARLA LLENAS\.m2\repository\org\eclipse\persistence\org.eclipse.persistence.oracleddlparser\3.0.0\org.eclipse.persistence.oracleddlparser-3.0.0.jar;C:\Users\CARLA LLENAS\.m2\repository\org\eclipse\persistence\org.eclipse.persistence.utils.rename\4.0.0\org.eclipse.persistence.utils.rename-4.0.0.jar;C:\Users\CARLA LLENAS\.m2\repository\org\eclipse\persistence\org.eclipse.persistence.nosql\4.0.0\org.eclipse.persistence.nosql-4.0.0.jar;C:\Users\CARLA LLENAS\.m2\repository\jakarta\resource\jakarta.resource-api\2.1.0\jakarta.resource-api-2.1.0.jar;C:\Users\CARLA LLENAS\.m2\repository\jakarta\transaction\jakarta.transaction-api\2.0.1\jakarta.transaction-api-2.0.1.jar;C:\Users\CARLA LLENAS\.m2\repository\org\eclipse\persistence\org.eclipse.persistence.oracle.nosql\4.0.0\org.eclipse.persistence.oracle.nosql-4.0.0.jar;C:\Users\CARLA LLENAS\.m2\repository\org\junit\jupiter\junit-jupiter-engine\5.9.0\junit-jupiter-engine-5.9.0.jar;C:\Users\CARLA LLENAS\.m2\repository\org\apiguardian\apiguardian-api\1.1.2\apiguardian-api-1.1.2.jar;C:\Users\CARLA LLENAS\.m2\repository\org\junit\jupiter\junit-jupiter-api\5.9.0\junit-jupiter-api-5.9.0.jar;C:\Users\CARLA LLENAS\.m2\repository\org\opentest4j\opentest4j\1.2.0\opentest4j-1.2.0.jar;C:\Users\CARLA LLENAS\.m2\repository\org\junit\platform\junit-platform-commons\1.9.0\junit-platform-commons-1.9.0.jar;C:\Users\CARLA LLENAS\.m2\repository\org\junit\platform\junit-platform-engine\1.9.0\junit-platform-engine-1.9.0.jar;C:\Users\CARLA LLENAS\.m2\repository\org\mockito\mockito-core\4.8.1\mockito-core-4.8.1.jar;C:\Users\CARLA LLENAS\.m2\repository\net\bytebuddy\byte-buddy\1.12.16\byte-buddy-1.12.16.jar;C:\Users\CARLA LLENAS\.m2\repository\net\bytebuddy\byte-buddy-agent\1.12.16\byte-buddy-agent-1.12.16.jar;C:\Users\CARLA LLENAS\.m2\repository\org\objenesis\objenesis\3.2\objenesis-3.2.jar;"/>
    <property name="sun.cpu.endian" value="little"/>
    <property name="user.home" value="C:\Users\CARLA LLENAS"/>
    <property name="user.language" value="es"/>
    <property name="java.specification.vendor" value="Oracle Corporation"/>
    <property name="java.version.date" value="2020-01-14"/>
    <property name="java.home" value="C:\Program Files\Java\jdk-13.0.2"/>
    <property name="file.separator" value="\"/>
    <property name="basedir" value="C:\Users\CARLA LLENAS\OneDrive\Documentos\NetBeansProjects\LudoxCliente"/>
    <property name="java.vm.compressedOopsMode" value="Zero based"/>
    <property name="line.separator" value="&#10;"/>
    <property name="java.vm.specification.vendor" value="Oracle Corporation"/>
    <property name="java.specification.name" value="Java Platform API Specification"/>
    <property name="surefire.real.class.path" value="C:\Users\CARLA LLENAS\AppData\Local\Temp\surefire14051963795580015539\surefirebooter7623138717397138272.jar"/>
    <property name="user.script" value=""/>
    <property name="sun.management.compiler" value="HotSpot 64-Bit Tiered Compilers"/>
    <property name="java.runtime.version" value="13.0.2+8"/>
    <property name="user.name" value="CARLA LLENAS"/>
    <property name="path.separator" value=";"/>
    <property name="os.version" value="10.0"/>
    <property name="java.runtime.name" value="Java(TM) SE Runtime Environment"/>
    <property name="file.encoding" value="UTF-8"/>
    <property name="java.vm.name" value="Java HotSpot(TM) 64-Bit Server VM"/>
    <property name="maven.ext.class.path" value="C:\Program Files\NetBeans-12.2\netbeans\java\maven-nblib\netbeans-eventspy.jar"/>
    <property name="localRepository" value="C:\Users\CARLA LLENAS\.m2\repository"/>
    <property name="java.vendor.url.bug" value="https://bugreport.java.com/bugreport/"/>
    <property name="java.io.tmpdir" value="C:\Users\CARLAL~1\AppData\Local\Temp\"/>
    <property name="java.version" value="13.0.2"/>
    <property name="user.dir" value="C:\Users\CARLA LLENAS\OneDrive\Documentos\NetBeansProjects\LudoxCliente"/>
    <property name="os.arch" value="amd64"/>
    <property name="java.vm.specification.name" value="Java Virtual Machine Specification"/>
    <property name="sun.os.patch.level" value=""/>
    <property name="java.library.path" value="C:\Program Files\Java\jdk-13.0.2\bin;C:\WINDOWS\Sun\Java\bin;C:\WINDOWS\system32;C:\WINDOWS;C:\Program Files\Common Files\Oracle\Java\javapath;C:\Program Files (x86)\Common Files\Oracle\Java\javapath;C:\ProgramData\Oracle\Java\javapath;C:\Windows\system32;C:\Windows;C:\Windows\System32\Wbem;C:\Windows\System32\WindowsPowerShell\v1.0\;C:\Windows\System32\OpenSSH\;C:\Program Files\NVIDIA Corporation\NVIDIA NvDLISR;C:\WINDOWS\system32;C:\WINDOWS;C:\WINDOWS\System32\Wbem;C:\WINDOWS\System32\WindowsPowerShell\v1.0\;C:\WINDOWS\System32\OpenSSH\;C:\Users\CARLA LLENAS\Documents\BaseX\bin;C:\Program Files (x86)\NVIDIA Corporation\PhysX\Common;C:\Program Files\Microsoft SQL Server\150\Tools\Binn\;C:\Program Files\Microsoft SQL Server\Client SDK\ODBC\170\Tools\Binn\;C:\Program Files\dotnet\;C:\Users\CARLA LLENAS\AppData\Local\Microsoft\WindowsApps;D:\VISUAL STUDIO CODE\Microsoft VS Code\bin;C:\Users\CARLA LLENAS\.dotnet\tools;C:\Users\CARLA LLENAS\AppData\Local\GitHubDesktop\bin;."/>
    <property name="java.vm.info" value="mixed mode, sharing"/>
    <property name="java.vendor" value="Oracle Corporation"/>
    <property name="java.vm.version" value="13.0.2+8"/>
    <property name="sun.io.unicode.encoding" value="UnicodeLittle"/>
    <property name="java.class.version" value="57.0"/>
  </properties>
  <testcase name="Servidor conectado" classname="Client Test" time="0.028"/>
  <testcase name="Error campo de texto" classname="Client Test" time="0.001">
    <system-out><![CDATA[Falta especificar nombre de usuario
]]></system-out>
  </testcase>
  <testcase name="LoginFail" classname="Client Test" time="0.025"/>
  <testcase name="Servidor desconectado" classname="Client Test" time="0.003"/>
  <testcase name="Test Registro Bien" classname="Client Test" time="0.003"/>
  <testcase name="LoginOK" classname="Client Test" time="0.001"/>
  <testcase name="Test Registro Fail" classname="Client Test" time="0.001"/>
  <testcase name="Correcto campo de texto" classname="Client Test" time="0.001"/>
  <testcase name="Test Registro Mail Existente" classname="Client Test" time="0.001"/>
</testsuite>